  Candles.cpp
f:\for me\projects\vs projects\gameproject_castlevania\castlevania\gameobject.h(74): warning C4244: '=': conversion from 'int' to 'float', possible loss of data
f:\for me\projects\vs projects\gameproject_castlevania\castlevania\gameobject.h(75): warning C4244: '=': conversion from 'int' to 'float', possible loss of data
f:\for me\projects\vs projects\gameproject_castlevania\castlevania\gameobject.h(80): warning C4244: 'return': conversion from 'float' to 'int', possible loss of data
f:\for me\projects\vs projects\gameproject_castlevania\castlevania\gameobject.h(81): warning C4244: 'return': conversion from 'float' to 'int', possible loss of data
  c:\program files (x86)\microsoft directx sdk (june 2010)\include\dinput.h: DIRECTINPUT_VERSION undefined. Defaulting to version 0x0800
f:\for me\projects\vs projects\gameproject_castlevania\castlevania\inputdevice.h(5): warning C4005: 'DIRECTINPUT_VERSION': macro redefinition
  c:\program files (x86)\microsoft directx sdk (june 2010)\include\dinput.h(42): note: see previous definition of 'DIRECTINPUT_VERSION'
f:\for me\projects\vs projects\gameproject_castlevania\castlevania\candles.cpp(52): warning C4244: 'initializing': conversion from 'float' to 'int', possible loss of data
f:\for me\projects\vs projects\gameproject_castlevania\castlevania\candles.cpp(53): warning C4244: 'initializing': conversion from 'float' to 'int', possible loss of data
f:\for me\projects\vs projects\gameproject_castlevania\castlevania\candles.cpp(58): warning C4244: '=': conversion from 'float' to 'int', possible loss of data
f:\for me\projects\vs projects\gameproject_castlevania\castlevania\candles.cpp(62): warning C4244: '=': conversion from 'float' to 'int', possible loss of data
f:\for me\projects\vs projects\gameproject_castlevania\castlevania\candles.cpp(69): warning C4244: '=': conversion from 'float' to 'int', possible loss of data
f:\for me\projects\vs projects\gameproject_castlevania\castlevania\candles.cpp(73): warning C4244: '=': conversion from 'float' to 'int', possible loss of data
f:\for me\projects\vs projects\gameproject_castlevania\castlevania\candles.cpp(80): warning C4018: '<=': signed/unsigned mismatch
f:\for me\projects\vs projects\gameproject_castlevania\castlevania\candles.cpp(82): warning C4018: '<=': signed/unsigned mismatch
f:\for me\projects\vs projects\gameproject_castlevania\castlevania\candles.cpp(84): warning C4244: 'argument': conversion from 'UINT' to 'FLOAT', possible loss of data
f:\for me\projects\vs projects\gameproject_castlevania\castlevania\candles.cpp(85): warning C4244: 'argument': conversion from 'UINT' to 'FLOAT', possible loss of data
f:\for me\projects\vs projects\gameproject_castlevania\castlevania\candles.cpp(105): warning C4244: 'argument': conversion from 'float' to 'int', possible loss of data
f:\for me\projects\vs projects\gameproject_castlevania\castlevania\candles.cpp(108): warning C4244: 'argument': conversion from 'float' to 'int', possible loss of data
f:\for me\projects\vs projects\gameproject_castlevania\castlevania\candles.cpp(109): warning C4244: 'argument': conversion from 'float' to 'int', possible loss of data
f:\for me\projects\vs projects\gameproject_castlevania\castlevania\candles.cpp(170): warning C4244: 'initializing': conversion from 'float' to 'int', possible loss of data
f:\for me\projects\vs projects\gameproject_castlevania\castlevania\candles.cpp(171): warning C4244: 'initializing': conversion from 'float' to 'int', possible loss of data
f:\for me\projects\vs projects\gameproject_castlevania\castlevania\candles.cpp(176): warning C4244: '=': conversion from 'float' to 'int', possible loss of data
f:\for me\projects\vs projects\gameproject_castlevania\castlevania\candles.cpp(180): warning C4244: '=': conversion from 'float' to 'int', possible loss of data
f:\for me\projects\vs projects\gameproject_castlevania\castlevania\candles.cpp(187): warning C4244: '=': conversion from 'float' to 'int', possible loss of data
f:\for me\projects\vs projects\gameproject_castlevania\castlevania\candles.cpp(191): warning C4244: '=': conversion from 'float' to 'int', possible loss of data
f:\for me\projects\vs projects\gameproject_castlevania\castlevania\candles.cpp(198): warning C4018: '<=': signed/unsigned mismatch
f:\for me\projects\vs projects\gameproject_castlevania\castlevania\candles.cpp(200): warning C4018: '<=': signed/unsigned mismatch
f:\for me\projects\vs projects\gameproject_castlevania\castlevania\candles.cpp(202): warning C4244: 'argument': conversion from 'UINT' to 'FLOAT', possible loss of data
f:\for me\projects\vs projects\gameproject_castlevania\castlevania\candles.cpp(203): warning C4244: 'argument': conversion from 'UINT' to 'FLOAT', possible loss of data
f:\for me\projects\vs projects\gameproject_castlevania\castlevania\candles.cpp(222): warning C4244: 'argument': conversion from 'float' to 'int', possible loss of data
f:\for me\projects\vs projects\gameproject_castlevania\castlevania\candles.cpp(225): warning C4244: 'argument': conversion from 'float' to 'int', possible loss of data
f:\for me\projects\vs projects\gameproject_castlevania\castlevania\candles.cpp(226): warning C4244: 'argument': conversion from 'float' to 'int', possible loss of data
  Cells.cpp
f:\for me\projects\vs projects\gameproject_castlevania\castlevania\gameobject.h(74): warning C4244: '=': conversion from 'int' to 'float', possible loss of data
f:\for me\projects\vs projects\gameproject_castlevania\castlevania\gameobject.h(75): warning C4244: '=': conversion from 'int' to 'float', possible loss of data
f:\for me\projects\vs projects\gameproject_castlevania\castlevania\gameobject.h(80): warning C4244: 'return': conversion from 'float' to 'int', possible loss of data
f:\for me\projects\vs projects\gameproject_castlevania\castlevania\gameobject.h(81): warning C4244: 'return': conversion from 'float' to 'int', possible loss of data
  Game.cpp
  c:\program files (x86)\microsoft directx sdk (june 2010)\include\dinput.h: DIRECTINPUT_VERSION undefined. Defaulting to version 0x0800
f:\for me\projects\vs projects\gameproject_castlevania\castlevania\inputdevice.h(5): warning C4005: 'DIRECTINPUT_VERSION': macro redefinition
  c:\program files (x86)\microsoft directx sdk (june 2010)\include\dinput.h(42): note: see previous definition of 'DIRECTINPUT_VERSION'
f:\for me\projects\vs projects\gameproject_castlevania\castlevania\gameobject.h(74): warning C4244: '=': conversion from 'int' to 'float', possible loss of data
f:\for me\projects\vs projects\gameproject_castlevania\castlevania\gameobject.h(75): warning C4244: '=': conversion from 'int' to 'float', possible loss of data
f:\for me\projects\vs projects\gameproject_castlevania\castlevania\gameobject.h(80): warning C4244: 'return': conversion from 'float' to 'int', possible loss of data
f:\for me\projects\vs projects\gameproject_castlevania\castlevania\gameobject.h(81): warning C4244: 'return': conversion from 'float' to 'int', possible loss of data
  GameEntranceScene.cpp
  c:\program files (x86)\microsoft directx sdk (june 2010)\include\dinput.h: DIRECTINPUT_VERSION undefined. Defaulting to version 0x0800
f:\for me\projects\vs projects\gameproject_castlevania\castlevania\inputdevice.h(5): warning C4005: 'DIRECTINPUT_VERSION': macro redefinition
  c:\program files (x86)\microsoft directx sdk (june 2010)\include\dinput.h(42): note: see previous definition of 'DIRECTINPUT_VERSION'
f:\for me\projects\vs projects\gameproject_castlevania\castlevania\gameobject.h(74): warning C4244: '=': conversion from 'int' to 'float', possible loss of data
f:\for me\projects\vs projects\gameproject_castlevania\castlevania\gameobject.h(75): warning C4244: '=': conversion from 'int' to 'float', possible loss of data
f:\for me\projects\vs projects\gameproject_castlevania\castlevania\gameobject.h(80): warning C4244: 'return': conversion from 'float' to 'int', possible loss of data
f:\for me\projects\vs projects\gameproject_castlevania\castlevania\gameobject.h(81): warning C4244: 'return': conversion from 'float' to 'int', possible loss of data
f:\for me\projects\vs projects\gameproject_castlevania\castlevania\gameentrancescene.cpp(31): warning C4244: 'argument': conversion from 'float' to 'int', possible loss of data
f:\for me\projects\vs projects\gameproject_castlevania\castlevania\gameentrancescene.cpp(82): warning C4244: 'argument': conversion from 'float' to 'int', possible loss of data
f:\for me\projects\vs projects\gameproject_castlevania\castlevania\gameentrancescene.cpp(81): warning C4244: 'argument': conversion from 'float' to 'int', possible loss of data
f:\for me\projects\vs projects\gameproject_castlevania\castlevania\gameentrancescene.cpp(80): warning C4244: 'argument': conversion from 'float' to 'int', possible loss of data
f:\for me\projects\vs projects\gameproject_castlevania\castlevania\gameentrancescene.cpp(87): warning C4018: '<': signed/unsigned mismatch
f:\for me\projects\vs projects\gameproject_castlevania\castlevania\gameentrancescene.cpp(147): warning C4244: '=': conversion from 'int' to 'float', possible loss of data
f:\for me\projects\vs projects\gameproject_castlevania\castlevania\gameentrancescene.cpp(273): warning C4244: 'argument': conversion from 'int' to 'float', possible loss of data
f:\for me\projects\vs projects\gameproject_castlevania\castlevania\gameentrancescene.cpp(281): warning C4244: 'argument': conversion from 'int' to 'float', possible loss of data
f:\for me\projects\vs projects\gameproject_castlevania\castlevania\gameentrancescene.cpp(289): warning C4244: 'argument': conversion from 'int' to 'float', possible loss of data
f:\for me\projects\vs projects\gameproject_castlevania\castlevania\gameentrancescene.cpp(297): warning C4244: 'argument': conversion from 'int' to 'float', possible loss of data
f:\for me\projects\vs projects\gameproject_castlevania\castlevania\gameentrancescene.cpp(305): warning C4244: 'argument': conversion from 'int' to 'float', possible loss of data
f:\for me\projects\vs projects\gameproject_castlevania\castlevania\gameentrancescene.cpp(325): warning C4244: 'argument': conversion from 'int' to 'float', possible loss of data
f:\for me\projects\vs projects\gameproject_castlevania\castlevania\gameentrancescene.cpp(407): warning C4244: 'argument': conversion from 'int' to 'float', possible loss of data
f:\for me\projects\vs projects\gameproject_castlevania\castlevania\gameentrancescene.cpp(415): warning C4244: 'argument': conversion from 'int' to 'float', possible loss of data
f:\for me\projects\vs projects\gameproject_castlevania\castlevania\gameentrancescene.cpp(423): warning C4244: 'argument': conversion from 'int' to 'float', possible loss of data
f:\for me\projects\vs projects\gameproject_castlevania\castlevania\gameentrancescene.cpp(431): warning C4244: 'argument': conversion from 'int' to 'float', possible loss of data
f:\for me\projects\vs projects\gameproject_castlevania\castlevania\gameentrancescene.cpp(444): warning C4244: 'argument': conversion from 'int' to 'float', possible loss of data
f:\for me\projects\vs projects\gameproject_castlevania\castlevania\gameentrancescene.cpp(553): warning C4018: '<': signed/unsigned mismatch
f:\for me\projects\vs projects\gameproject_castlevania\castlevania\gameentrancescene.cpp(655): warning C4018: '<': signed/unsigned mismatch
  GameIntroScene.cpp
  c:\program files (x86)\microsoft directx sdk (june 2010)\include\dinput.h: DIRECTINPUT_VERSION undefined. Defaulting to version 0x0800
f:\for me\projects\vs projects\gameproject_castlevania\castlevania\inputdevice.h(5): warning C4005: 'DIRECTINPUT_VERSION': macro redefinition
  c:\program files (x86)\microsoft directx sdk (june 2010)\include\dinput.h(42): note: see previous definition of 'DIRECTINPUT_VERSION'
f:\for me\projects\vs projects\gameproject_castlevania\castlevania\gameobject.h(74): warning C4244: '=': conversion from 'int' to 'float', possible loss of data
f:\for me\projects\vs projects\gameproject_castlevania\castlevania\gameobject.h(75): warning C4244: '=': conversion from 'int' to 'float', possible loss of data
f:\for me\projects\vs projects\gameproject_castlevania\castlevania\gameobject.h(80): warning C4244: 'return': conversion from 'float' to 'int', possible loss of data
f:\for me\projects\vs projects\gameproject_castlevania\castlevania\gameobject.h(81): warning C4244: 'return': conversion from 'float' to 'int', possible loss of data
f:\for me\projects\vs projects\gameproject_castlevania\castlevania\gameintroscene.cpp(9): warning C4244: '=': conversion from 'DWORD' to 'float', possible loss of data
f:\for me\projects\vs projects\gameproject_castlevania\castlevania\gameintroscene.cpp(55): warning C4244: 'argument': conversion from 'float' to 'int', possible loss of data
f:\for me\projects\vs projects\gameproject_castlevania\castlevania\gameintroscene.cpp(56): warning C4244: 'argument': conversion from 'float' to 'int', possible loss of data
f:\for me\projects\vs projects\gameproject_castlevania\castlevania\gameintroscene.cpp(57): warning C4244: 'argument': conversion from 'float' to 'int', possible loss of data
f:\for me\projects\vs projects\gameproject_castlevania\castlevania\gameintroscene.cpp(61): warning C4244: 'argument': conversion from 'float' to 'int', possible loss of data
f:\for me\projects\vs projects\gameproject_castlevania\castlevania\gameintroscene.cpp(65): warning C4244: 'argument': conversion from 'float' to 'int', possible loss of data
  GameMenuScene.cpp
  c:\program files (x86)\microsoft directx sdk (june 2010)\include\dinput.h: DIRECTINPUT_VERSION undefined. Defaulting to version 0x0800
f:\for me\projects\vs projects\gameproject_castlevania\castlevania\inputdevice.h(5): warning C4005: 'DIRECTINPUT_VERSION': macro redefinition
  c:\program files (x86)\microsoft directx sdk (june 2010)\include\dinput.h(42): note: see previous definition of 'DIRECTINPUT_VERSION'
f:\for me\projects\vs projects\gameproject_castlevania\castlevania\gameobject.h(74): warning C4244: '=': conversion from 'int' to 'float', possible loss of data
f:\for me\projects\vs projects\gameproject_castlevania\castlevania\gameobject.h(75): warning C4244: '=': conversion from 'int' to 'float', possible loss of data
f:\for me\projects\vs projects\gameproject_castlevania\castlevania\gameobject.h(80): warning C4244: 'return': conversion from 'float' to 'int', possible loss of data
f:\for me\projects\vs projects\gameproject_castlevania\castlevania\gameobject.h(81): warning C4244: 'return': conversion from 'float' to 'int', possible loss of data
f:\for me\projects\vs projects\gameproject_castlevania\castlevania\gamemenuscene.cpp(5): warning C4244: '=': conversion from 'DWORD' to 'float', possible loss of data
  GameObject.cpp
f:\for me\projects\vs projects\gameproject_castlevania\castlevania\gameobject.h(74): warning C4244: '=': conversion from 'int' to 'float', possible loss of data
f:\for me\projects\vs projects\gameproject_castlevania\castlevania\gameobject.h(75): warning C4244: '=': conversion from 'int' to 'float', possible loss of data
f:\for me\projects\vs projects\gameproject_castlevania\castlevania\gameobject.h(80): warning C4244: 'return': conversion from 'float' to 'int', possible loss of data
f:\for me\projects\vs projects\gameproject_castlevania\castlevania\gameobject.h(81): warning C4244: 'return': conversion from 'float' to 'int', possible loss of data
  c:\program files (x86)\microsoft directx sdk (june 2010)\include\dinput.h: DIRECTINPUT_VERSION undefined. Defaulting to version 0x0800
f:\for me\projects\vs projects\gameproject_castlevania\castlevania\inputdevice.h(5): warning C4005: 'DIRECTINPUT_VERSION': macro redefinition
  c:\program files (x86)\microsoft directx sdk (june 2010)\include\dinput.h(42): note: see previous definition of 'DIRECTINPUT_VERSION'
f:\for me\projects\vs projects\gameproject_castlevania\castlevania\gameobject.cpp(44): warning C4018: '<': signed/unsigned mismatch
f:\for me\projects\vs projects\gameproject_castlevania\castlevania\gameobject.cpp(227): warning C4244: 'argument': conversion from 'float' to 'int', possible loss of data
f:\for me\projects\vs projects\gameproject_castlevania\castlevania\gameobject.cpp(248): warning C4244: '=': conversion from 'int' to 'float', possible loss of data
f:\for me\projects\vs projects\gameproject_castlevania\castlevania\gameobject.cpp(255): warning C4244: '=': conversion from 'int' to 'float', possible loss of data
  Gate.cpp
f:\for me\projects\vs projects\gameproject_castlevania\castlevania\gameobject.h(74): warning C4244: '=': conversion from 'int' to 'float', possible loss of data
f:\for me\projects\vs projects\gameproject_castlevania\castlevania\gameobject.h(75): warning C4244: '=': conversion from 'int' to 'float', possible loss of data
f:\for me\projects\vs projects\gameproject_castlevania\castlevania\gameobject.h(80): warning C4244: 'return': conversion from 'float' to 'int', possible loss of data
f:\for me\projects\vs projects\gameproject_castlevania\castlevania\gameobject.h(81): warning C4244: 'return': conversion from 'float' to 'int', possible loss of data
  c:\program files (x86)\microsoft directx sdk (june 2010)\include\dinput.h: DIRECTINPUT_VERSION undefined. Defaulting to version 0x0800
f:\for me\projects\vs projects\gameproject_castlevania\castlevania\inputdevice.h(5): warning C4005: 'DIRECTINPUT_VERSION': macro redefinition
  c:\program files (x86)\microsoft directx sdk (june 2010)\include\dinput.h(42): note: see previous definition of 'DIRECTINPUT_VERSION'
f:\for me\projects\vs projects\gameproject_castlevania\castlevania\gate.cpp(108): warning C4244: 'argument': conversion from 'float' to 'int', possible loss of data
f:\for me\projects\vs projects\gameproject_castlevania\castlevania\gate.cpp(138): warning C4244: 'initializing': conversion from 'float' to 'int', possible loss of data
f:\for me\projects\vs projects\gameproject_castlevania\castlevania\gate.cpp(139): warning C4244: 'initializing': conversion from 'float' to 'int', possible loss of data
f:\for me\projects\vs projects\gameproject_castlevania\castlevania\gate.cpp(144): warning C4244: '=': conversion from 'float' to 'int', possible loss of data
f:\for me\projects\vs projects\gameproject_castlevania\castlevania\gate.cpp(148): warning C4244: '=': conversion from 'float' to 'int', possible loss of data
f:\for me\projects\vs projects\gameproject_castlevania\castlevania\gate.cpp(155): warning C4244: '=': conversion from 'float' to 'int', possible loss of data
f:\for me\projects\vs projects\gameproject_castlevania\castlevania\gate.cpp(159): warning C4244: '=': conversion from 'float' to 'int', possible loss of data
f:\for me\projects\vs projects\gameproject_castlevania\castlevania\gate.cpp(166): warning C4018: '<=': signed/unsigned mismatch
f:\for me\projects\vs projects\gameproject_castlevania\castlevania\gate.cpp(168): warning C4018: '<=': signed/unsigned mismatch
f:\for me\projects\vs projects\gameproject_castlevania\castlevania\gate.cpp(170): warning C4244: 'argument': conversion from 'UINT' to 'FLOAT', possible loss of data
f:\for me\projects\vs projects\gameproject_castlevania\castlevania\gate.cpp(171): warning C4244: 'argument': conversion from 'UINT' to 'FLOAT', possible loss of data
  Grid.cpp
  c:\program files (x86)\microsoft directx sdk (june 2010)\include\dinput.h: DIRECTINPUT_VERSION undefined. Defaulting to version 0x0800
f:\for me\projects\vs projects\gameproject_castlevania\castlevania\inputdevice.h(5): warning C4005: 'DIRECTINPUT_VERSION': macro redefinition
  c:\program files (x86)\microsoft directx sdk (june 2010)\include\dinput.h(42): note: see previous definition of 'DIRECTINPUT_VERSION'
f:\for me\projects\vs projects\gameproject_castlevania\castlevania\gameobject.h(74): warning C4244: '=': conversion from 'int' to 'float', possible loss of data
f:\for me\projects\vs projects\gameproject_castlevania\castlevania\gameobject.h(75): warning C4244: '=': conversion from 'int' to 'float', possible loss of data
f:\for me\projects\vs projects\gameproject_castlevania\castlevania\gameobject.h(80): warning C4244: 'return': conversion from 'float' to 'int', possible loss of data
f:\for me\projects\vs projects\gameproject_castlevania\castlevania\gameobject.h(81): warning C4244: 'return': conversion from 'float' to 'int', possible loss of data
f:\for me\projects\vs projects\gameproject_castlevania\castlevania\grid.cpp(15): warning C4244: '=': conversion from 'int' to 'float', possible loss of data
f:\for me\projects\vs projects\gameproject_castlevania\castlevania\grid.cpp(16): warning C4244: '=': conversion from 'int' to 'float', possible loss of data
f:\for me\projects\vs projects\gameproject_castlevania\castlevania\grid.cpp(39): warning C4244: '=': conversion from 'int' to 'float', possible loss of data
f:\for me\projects\vs projects\gameproject_castlevania\castlevania\grid.cpp(40): warning C4244: '=': conversion from 'int' to 'float', possible loss of data
f:\for me\projects\vs projects\gameproject_castlevania\castlevania\grid.cpp(44): warning C4244: '=': conversion from 'float' to 'int', possible loss of data
f:\for me\projects\vs projects\gameproject_castlevania\castlevania\grid.cpp(48): warning C4244: '=': conversion from 'float' to 'int', possible loss of data
f:\for me\projects\vs projects\gameproject_castlevania\castlevania\grid.cpp(53): warning C4244: '=': conversion from 'float' to 'int', possible loss of data
f:\for me\projects\vs projects\gameproject_castlevania\castlevania\grid.cpp(57): warning C4244: '=': conversion from 'float' to 'int', possible loss of data
f:\for me\projects\vs projects\gameproject_castlevania\castlevania\grid.cpp(60): warning C4018: '<': signed/unsigned mismatch
f:\for me\projects\vs projects\gameproject_castlevania\castlevania\grid.cpp(63): warning C4018: '<': signed/unsigned mismatch
f:\for me\projects\vs projects\gameproject_castlevania\castlevania\grid.cpp(65): warning C4244: 'argument': conversion from 'UINT' to 'FLOAT', possible loss of data
f:\for me\projects\vs projects\gameproject_castlevania\castlevania\grid.cpp(86): warning C4244: 'initializing': conversion from 'float' to 'int', possible loss of data
f:\for me\projects\vs projects\gameproject_castlevania\castlevania\grid.cpp(87): warning C4244: 'initializing': conversion from 'float' to 'int', possible loss of data
f:\for me\projects\vs projects\gameproject_castlevania\castlevania\grid.cpp(92): warning C4244: '=': conversion from 'float' to 'int', possible loss of data
f:\for me\projects\vs projects\gameproject_castlevania\castlevania\grid.cpp(96): warning C4244: '=': conversion from 'float' to 'int', possible loss of data
f:\for me\projects\vs projects\gameproject_castlevania\castlevania\grid.cpp(103): warning C4244: '=': conversion from 'float' to 'int', possible loss of data
f:\for me\projects\vs projects\gameproject_castlevania\castlevania\grid.cpp(107): warning C4244: '=': conversion from 'float' to 'int', possible loss of data
f:\for me\projects\vs projects\gameproject_castlevania\castlevania\grid.cpp(120): warning C4018: '<=': signed/unsigned mismatch
f:\for me\projects\vs projects\gameproject_castlevania\castlevania\grid.cpp(122): warning C4018: '<=': signed/unsigned mismatch
f:\for me\projects\vs projects\gameproject_castlevania\castlevania\grid.cpp(143): warning C4244: 'argument': conversion from 'FLOAT' to 'const unsigned int', possible loss of data
f:\for me\projects\vs projects\gameproject_castlevania\castlevania\grid.cpp(148): warning C4244: 'argument': conversion from 'FLOAT' to 'const unsigned int', possible loss of data
  Bricks.cpp
f:\for me\projects\vs projects\gameproject_castlevania\castlevania\gameobject.h(74): warning C4244: '=': conversion from 'int' to 'float', possible loss of data
f:\for me\projects\vs projects\gameproject_castlevania\castlevania\gameobject.h(75): warning C4244: '=': conversion from 'int' to 'float', possible loss of data
f:\for me\projects\vs projects\gameproject_castlevania\castlevania\gameobject.h(80): warning C4244: 'return': conversion from 'float' to 'int', possible loss of data
f:\for me\projects\vs projects\gameproject_castlevania\castlevania\gameobject.h(81): warning C4244: 'return': conversion from 'float' to 'int', possible loss of data
  c:\program files (x86)\microsoft directx sdk (june 2010)\include\dinput.h: DIRECTINPUT_VERSION undefined. Defaulting to version 0x0800
f:\for me\projects\vs projects\gameproject_castlevania\castlevania\inputdevice.h(5): warning C4005: 'DIRECTINPUT_VERSION': macro redefinition
  c:\program files (x86)\microsoft directx sdk (june 2010)\include\dinput.h(42): note: see previous definition of 'DIRECTINPUT_VERSION'
f:\for me\projects\vs projects\gameproject_castlevania\castlevania\bricks.cpp(45): warning C4244: 'initializing': conversion from 'float' to 'int', possible loss of data
f:\for me\projects\vs projects\gameproject_castlevania\castlevania\bricks.cpp(46): warning C4244: 'initializing': conversion from 'float' to 'int', possible loss of data
f:\for me\projects\vs projects\gameproject_castlevania\castlevania\bricks.cpp(51): warning C4244: '=': conversion from 'float' to 'int', possible loss of data
f:\for me\projects\vs projects\gameproject_castlevania\castlevania\bricks.cpp(55): warning C4244: '=': conversion from 'float' to 'int', possible loss of data
f:\for me\projects\vs projects\gameproject_castlevania\castlevania\bricks.cpp(62): warning C4244: '=': conversion from 'float' to 'int', possible loss of data
f:\for me\projects\vs projects\gameproject_castlevania\castlevania\bricks.cpp(66): warning C4244: '=': conversion from 'float' to 'int', possible loss of data
f:\for me\projects\vs projects\gameproject_castlevania\castlevania\bricks.cpp(73): warning C4018: '<=': signed/unsigned mismatch
f:\for me\projects\vs projects\gameproject_castlevania\castlevania\bricks.cpp(75): warning C4018: '<=': signed/unsigned mismatch
f:\for me\projects\vs projects\gameproject_castlevania\castlevania\bricks.cpp(77): warning C4244: 'argument': conversion from 'UINT' to 'FLOAT', possible loss of data
f:\for me\projects\vs projects\gameproject_castlevania\castlevania\bricks.cpp(78): warning C4244: 'argument': conversion from 'UINT' to 'FLOAT', possible loss of data
  InputDevice.cpp
  c:\program files (x86)\microsoft directx sdk (june 2010)\include\dinput.h: DIRECTINPUT_VERSION undefined. Defaulting to version 0x0800
f:\for me\projects\vs projects\gameproject_castlevania\castlevania\inputdevice.h(5): warning C4005: 'DIRECTINPUT_VERSION': macro redefinition
  c:\program files (x86)\microsoft directx sdk (june 2010)\include\dinput.h(42): note: see previous definition of 'DIRECTINPUT_VERSION'
f:\for me\projects\vs projects\gameproject_castlevania\castlevania\gameobject.h(74): warning C4244: '=': conversion from 'int' to 'float', possible loss of data
f:\for me\projects\vs projects\gameproject_castlevania\castlevania\gameobject.h(75): warning C4244: '=': conversion from 'int' to 'float', possible loss of data
f:\for me\projects\vs projects\gameproject_castlevania\castlevania\gameobject.h(80): warning C4244: 'return': conversion from 'float' to 'int', possible loss of data
f:\for me\projects\vs projects\gameproject_castlevania\castlevania\gameobject.h(81): warning C4244: 'return': conversion from 'float' to 'int', possible loss of data
f:\for me\projects\vs projects\gameproject_castlevania\castlevania\inputdevice.cpp(93): warning C4805: '==': unsafe mix of type 'HRESULT' and type 'bool' in operation
  Item.cpp
f:\for me\projects\vs projects\gameproject_castlevania\castlevania\gameobject.h(74): warning C4244: '=': conversion from 'int' to 'float', possible loss of data
f:\for me\projects\vs projects\gameproject_castlevania\castlevania\gameobject.h(75): warning C4244: '=': conversion from 'int' to 'float', possible loss of data
f:\for me\projects\vs projects\gameproject_castlevania\castlevania\gameobject.h(80): warning C4244: 'return': conversion from 'float' to 'int', possible loss of data
f:\for me\projects\vs projects\gameproject_castlevania\castlevania\gameobject.h(81): warning C4244: 'return': conversion from 'float' to 'int', possible loss of data
  c:\program files (x86)\microsoft directx sdk (june 2010)\include\dinput.h: DIRECTINPUT_VERSION undefined. Defaulting to version 0x0800
f:\for me\projects\vs projects\gameproject_castlevania\castlevania\inputdevice.h(5): warning C4005: 'DIRECTINPUT_VERSION': macro redefinition
  c:\program files (x86)\microsoft directx sdk (june 2010)\include\dinput.h(42): note: see previous definition of 'DIRECTINPUT_VERSION'
f:\for me\projects\vs projects\gameproject_castlevania\castlevania\item.cpp(45): warning C4244: 'initializing': conversion from 'float' to 'int', possible loss of data
f:\for me\projects\vs projects\gameproject_castlevania\castlevania\item.cpp(46): warning C4244: 'initializing': conversion from 'float' to 'int', possible loss of data
f:\for me\projects\vs projects\gameproject_castlevania\castlevania\item.cpp(51): warning C4244: '=': conversion from 'float' to 'int', possible loss of data
f:\for me\projects\vs projects\gameproject_castlevania\castlevania\item.cpp(55): warning C4244: '=': conversion from 'float' to 'int', possible loss of data
f:\for me\projects\vs projects\gameproject_castlevania\castlevania\item.cpp(62): warning C4244: '=': conversion from 'float' to 'int', possible loss of data
f:\for me\projects\vs projects\gameproject_castlevania\castlevania\item.cpp(66): warning C4244: '=': conversion from 'float' to 'int', possible loss of data
f:\for me\projects\vs projects\gameproject_castlevania\castlevania\item.cpp(73): warning C4018: '<=': signed/unsigned mismatch
f:\for me\projects\vs projects\gameproject_castlevania\castlevania\item.cpp(75): warning C4018: '<=': signed/unsigned mismatch
f:\for me\projects\vs projects\gameproject_castlevania\castlevania\item.cpp(77): warning C4244: 'argument': conversion from 'UINT' to 'FLOAT', possible loss of data
f:\for me\projects\vs projects\gameproject_castlevania\castlevania\item.cpp(78): warning C4244: 'argument': conversion from 'UINT' to 'FLOAT', possible loss of data
f:\for me\projects\vs projects\gameproject_castlevania\castlevania\item.cpp(220): warning C4244: 'argument': conversion from 'float' to 'int', possible loss of data
f:\for me\projects\vs projects\gameproject_castlevania\castlevania\item.cpp(238): warning C4244: 'argument': conversion from 'float' to 'int', possible loss of data
  Scene.cpp
  c:\program files (x86)\microsoft directx sdk (june 2010)\include\dinput.h: DIRECTINPUT_VERSION undefined. Defaulting to version 0x0800
f:\for me\projects\vs projects\gameproject_castlevania\castlevania\inputdevice.h(5): warning C4005: 'DIRECTINPUT_VERSION': macro redefinition
  c:\program files (x86)\microsoft directx sdk (june 2010)\include\dinput.h(42): note: see previous definition of 'DIRECTINPUT_VERSION'
f:\for me\projects\vs projects\gameproject_castlevania\castlevania\gameobject.h(74): warning C4244: '=': conversion from 'int' to 'float', possible loss of data
f:\for me\projects\vs projects\gameproject_castlevania\castlevania\gameobject.h(75): warning C4244: '=': conversion from 'int' to 'float', possible loss of data
f:\for me\projects\vs projects\gameproject_castlevania\castlevania\gameobject.h(80): warning C4244: 'return': conversion from 'float' to 'int', possible loss of data
f:\for me\projects\vs projects\gameproject_castlevania\castlevania\gameobject.h(81): warning C4244: 'return': conversion from 'float' to 'int', possible loss of data
  SceneManager.cpp
  c:\program files (x86)\microsoft directx sdk (june 2010)\include\dinput.h: DIRECTINPUT_VERSION undefined. Defaulting to version 0x0800
f:\for me\projects\vs projects\gameproject_castlevania\castlevania\inputdevice.h(5): warning C4005: 'DIRECTINPUT_VERSION': macro redefinition
  c:\program files (x86)\microsoft directx sdk (june 2010)\include\dinput.h(42): note: see previous definition of 'DIRECTINPUT_VERSION'
f:\for me\projects\vs projects\gameproject_castlevania\castlevania\gameobject.h(74): warning C4244: '=': conversion from 'int' to 'float', possible loss of data
f:\for me\projects\vs projects\gameproject_castlevania\castlevania\gameobject.h(75): warning C4244: '=': conversion from 'int' to 'float', possible loss of data
f:\for me\projects\vs projects\gameproject_castlevania\castlevania\gameobject.h(80): warning C4244: 'return': conversion from 'float' to 'int', possible loss of data
f:\for me\projects\vs projects\gameproject_castlevania\castlevania\gameobject.h(81): warning C4244: 'return': conversion from 'float' to 'int', possible loss of data
  Simon.cpp
  c:\program files (x86)\microsoft directx sdk (june 2010)\include\dinput.h: DIRECTINPUT_VERSION undefined. Defaulting to version 0x0800
f:\for me\projects\vs projects\gameproject_castlevania\castlevania\inputdevice.h(5): warning C4005: 'DIRECTINPUT_VERSION': macro redefinition
  c:\program files (x86)\microsoft directx sdk (june 2010)\include\dinput.h(42): note: see previous definition of 'DIRECTINPUT_VERSION'
f:\for me\projects\vs projects\gameproject_castlevania\castlevania\gameobject.h(74): warning C4244: '=': conversion from 'int' to 'float', possible loss of data
f:\for me\projects\vs projects\gameproject_castlevania\castlevania\gameobject.h(75): warning C4244: '=': conversion from 'int' to 'float', possible loss of data
f:\for me\projects\vs projects\gameproject_castlevania\castlevania\gameobject.h(80): warning C4244: 'return': conversion from 'float' to 'int', possible loss of data
f:\for me\projects\vs projects\gameproject_castlevania\castlevania\gameobject.h(81): warning C4244: 'return': conversion from 'float' to 'int', possible loss of data
f:\for me\projects\vs projects\gameproject_castlevania\castlevania\simon.cpp(780): warning C4244: 'argument': conversion from 'float' to 'int', possible loss of data
f:\for me\projects\vs projects\gameproject_castlevania\castlevania\simon.cpp(983): warning C4244: 'argument': conversion from 'FLOAT' to 'int', possible loss of data
f:\for me\projects\vs projects\gameproject_castlevania\castlevania\simon.cpp(1120): warning C4244: 'argument': conversion from 'FLOAT' to 'int', possible loss of data
  Stairs.cpp
f:\for me\projects\vs projects\gameproject_castlevania\castlevania\gameobject.h(74): warning C4244: '=': conversion from 'int' to 'float', possible loss of data
f:\for me\projects\vs projects\gameproject_castlevania\castlevania\gameobject.h(75): warning C4244: '=': conversion from 'int' to 'float', possible loss of data
f:\for me\projects\vs projects\gameproject_castlevania\castlevania\gameobject.h(80): warning C4244: 'return': conversion from 'float' to 'int', possible loss of data
f:\for me\projects\vs projects\gameproject_castlevania\castlevania\gameobject.h(81): warning C4244: 'return': conversion from 'float' to 'int', possible loss of data
  c:\program files (x86)\microsoft directx sdk (june 2010)\include\dinput.h: DIRECTINPUT_VERSION undefined. Defaulting to version 0x0800
f:\for me\projects\vs projects\gameproject_castlevania\castlevania\inputdevice.h(5): warning C4005: 'DIRECTINPUT_VERSION': macro redefinition
  c:\program files (x86)\microsoft directx sdk (june 2010)\include\dinput.h(42): note: see previous definition of 'DIRECTINPUT_VERSION'
f:\for me\projects\vs projects\gameproject_castlevania\castlevania\stairs.cpp(39): warning C4244: 'initializing': conversion from 'float' to 'int', possible loss of data
f:\for me\projects\vs projects\gameproject_castlevania\castlevania\stairs.cpp(40): warning C4244: 'initializing': conversion from 'float' to 'int', possible loss of data
f:\for me\projects\vs projects\gameproject_castlevania\castlevania\stairs.cpp(45): warning C4244: '=': conversion from 'float' to 'int', possible loss of data
f:\for me\projects\vs projects\gameproject_castlevania\castlevania\stairs.cpp(49): warning C4244: '=': conversion from 'float' to 'int', possible loss of data
f:\for me\projects\vs projects\gameproject_castlevania\castlevania\stairs.cpp(56): warning C4244: '=': conversion from 'float' to 'int', possible loss of data
f:\for me\projects\vs projects\gameproject_castlevania\castlevania\stairs.cpp(60): warning C4244: '=': conversion from 'float' to 'int', possible loss of data
f:\for me\projects\vs projects\gameproject_castlevania\castlevania\stairs.cpp(67): warning C4018: '<=': signed/unsigned mismatch
f:\for me\projects\vs projects\gameproject_castlevania\castlevania\stairs.cpp(69): warning C4018: '<=': signed/unsigned mismatch
f:\for me\projects\vs projects\gameproject_castlevania\castlevania\stairs.cpp(71): warning C4244: 'argument': conversion from 'UINT' to 'FLOAT', possible loss of data
f:\for me\projects\vs projects\gameproject_castlevania\castlevania\stairs.cpp(72): warning C4244: 'argument': conversion from 'UINT' to 'FLOAT', possible loss of data
  SubWeapons.cpp
f:\for me\projects\vs projects\gameproject_castlevania\castlevania\gameobject.h(74): warning C4244: '=': conversion from 'int' to 'float', possible loss of data
f:\for me\projects\vs projects\gameproject_castlevania\castlevania\gameobject.h(75): warning C4244: '=': conversion from 'int' to 'float', possible loss of data
f:\for me\projects\vs projects\gameproject_castlevania\castlevania\gameobject.h(80): warning C4244: 'return': conversion from 'float' to 'int', possible loss of data
f:\for me\projects\vs projects\gameproject_castlevania\castlevania\gameobject.h(81): warning C4244: 'return': conversion from 'float' to 'int', possible loss of data
f:\for me\projects\vs projects\gameproject_castlevania\castlevania\subweapons.cpp(31): warning C4244: '=': conversion from 'float' to 'LONG', possible loss of data
f:\for me\projects\vs projects\gameproject_castlevania\castlevania\subweapons.cpp(32): warning C4244: '=': conversion from 'float' to 'LONG', possible loss of data
f:\for me\projects\vs projects\gameproject_castlevania\castlevania\subweapons.cpp(134): warning C4244: 'argument': conversion from 'FLOAT' to 'int', possible loss of data
  Textures.cpp
  c:\program files (x86)\microsoft directx sdk (june 2010)\include\dinput.h: DIRECTINPUT_VERSION undefined. Defaulting to version 0x0800
f:\for me\projects\vs projects\gameproject_castlevania\castlevania\inputdevice.h(5): warning C4005: 'DIRECTINPUT_VERSION': macro redefinition
  c:\program files (x86)\microsoft directx sdk (june 2010)\include\dinput.h(42): note: see previous definition of 'DIRECTINPUT_VERSION'
f:\for me\projects\vs projects\gameproject_castlevania\castlevania\gameobject.h(74): warning C4244: '=': conversion from 'int' to 'float', possible loss of data
f:\for me\projects\vs projects\gameproject_castlevania\castlevania\gameobject.h(75): warning C4244: '=': conversion from 'int' to 'float', possible loss of data
f:\for me\projects\vs projects\gameproject_castlevania\castlevania\gameobject.h(80): warning C4244: 'return': conversion from 'float' to 'int', possible loss of data
f:\for me\projects\vs projects\gameproject_castlevania\castlevania\gameobject.h(81): warning C4244: 'return': conversion from 'float' to 'int', possible loss of data
  UI.cpp
  c:\program files (x86)\microsoft directx sdk (june 2010)\include\dinput.h: DIRECTINPUT_VERSION undefined. Defaulting to version 0x0800
f:\for me\projects\vs projects\gameproject_castlevania\castlevania\inputdevice.h(5): warning C4005: 'DIRECTINPUT_VERSION': macro redefinition
  c:\program files (x86)\microsoft directx sdk (june 2010)\include\dinput.h(42): note: see previous definition of 'DIRECTINPUT_VERSION'
f:\for me\projects\vs projects\gameproject_castlevania\castlevania\gameobject.h(74): warning C4244: '=': conversion from 'int' to 'float', possible loss of data
f:\for me\projects\vs projects\gameproject_castlevania\castlevania\gameobject.h(75): warning C4244: '=': conversion from 'int' to 'float', possible loss of data
f:\for me\projects\vs projects\gameproject_castlevania\castlevania\gameobject.h(80): warning C4244: 'return': conversion from 'float' to 'int', possible loss of data
f:\for me\projects\vs projects\gameproject_castlevania\castlevania\gameobject.h(81): warning C4244: 'return': conversion from 'float' to 'int', possible loss of data
  WalkingGhost.cpp
f:\for me\projects\vs projects\gameproject_castlevania\castlevania\gameobject.h(74): warning C4244: '=': conversion from 'int' to 'float', possible loss of data
f:\for me\projects\vs projects\gameproject_castlevania\castlevania\gameobject.h(75): warning C4244: '=': conversion from 'int' to 'float', possible loss of data
f:\for me\projects\vs projects\gameproject_castlevania\castlevania\gameobject.h(80): warning C4244: 'return': conversion from 'float' to 'int', possible loss of data
f:\for me\projects\vs projects\gameproject_castlevania\castlevania\gameobject.h(81): warning C4244: 'return': conversion from 'float' to 'int', possible loss of data
  c:\program files (x86)\microsoft directx sdk (june 2010)\include\dinput.h: DIRECTINPUT_VERSION undefined. Defaulting to version 0x0800
f:\for me\projects\vs projects\gameproject_castlevania\castlevania\inputdevice.h(5): warning C4005: 'DIRECTINPUT_VERSION': macro redefinition
  c:\program files (x86)\microsoft directx sdk (june 2010)\include\dinput.h(42): note: see previous definition of 'DIRECTINPUT_VERSION'
f:\for me\projects\vs projects\gameproject_castlevania\castlevania\walkingghost.cpp(39): warning C4244: 'argument': conversion from 'FLOAT' to 'int', possible loss of data
f:\for me\projects\vs projects\gameproject_castlevania\castlevania\walkingghost.cpp(81): warning C4244: 'initializing': conversion from 'float' to 'int', possible loss of data
f:\for me\projects\vs projects\gameproject_castlevania\castlevania\walkingghost.cpp(82): warning C4244: 'initializing': conversion from 'float' to 'int', possible loss of data
f:\for me\projects\vs projects\gameproject_castlevania\castlevania\walkingghost.cpp(87): warning C4244: '=': conversion from 'float' to 'int', possible loss of data
f:\for me\projects\vs projects\gameproject_castlevania\castlevania\walkingghost.cpp(91): warning C4244: '=': conversion from 'float' to 'int', possible loss of data
f:\for me\projects\vs projects\gameproject_castlevania\castlevania\walkingghost.cpp(98): warning C4244: '=': conversion from 'float' to 'int', possible loss of data
f:\for me\projects\vs projects\gameproject_castlevania\castlevania\walkingghost.cpp(102): warning C4244: '=': conversion from 'float' to 'int', possible loss of data
f:\for me\projects\vs projects\gameproject_castlevania\castlevania\walkingghost.cpp(109): warning C4018: '<=': signed/unsigned mismatch
f:\for me\projects\vs projects\gameproject_castlevania\castlevania\walkingghost.cpp(111): warning C4018: '<=': signed/unsigned mismatch
f:\for me\projects\vs projects\gameproject_castlevania\castlevania\walkingghost.cpp(113): warning C4244: 'argument': conversion from 'UINT' to 'FLOAT', possible loss of data
f:\for me\projects\vs projects\gameproject_castlevania\castlevania\walkingghost.cpp(114): warning C4244: 'argument': conversion from 'UINT' to 'FLOAT', possible loss of data
f:\for me\projects\vs projects\gameproject_castlevania\castlevania\walkingghost.cpp(203): warning C4244: 'argument': conversion from 'float' to 'int', possible loss of data
f:\for me\projects\vs projects\gameproject_castlevania\castlevania\walkingghost.cpp(207): warning C4244: 'argument': conversion from 'float' to 'int', possible loss of data
f:\for me\projects\vs projects\gameproject_castlevania\castlevania\walkingghost.cpp(211): warning C4244: 'argument': conversion from 'float' to 'int', possible loss of data
f:\for me\projects\vs projects\gameproject_castlevania\castlevania\walkingghost.cpp(212): warning C4244: 'argument': conversion from 'float' to 'int', possible loss of data
  Generating Code...
f:\for me\projects\vs projects\gameproject_castlevania\castlevania\ui.cpp(60): warning C4715: 'UI::Initialize': not all control paths return a value
  Compiling...
  Whip.cpp
f:\for me\projects\vs projects\gameproject_castlevania\castlevania\gameobject.h(74): warning C4244: '=': conversion from 'int' to 'float', possible loss of data
f:\for me\projects\vs projects\gameproject_castlevania\castlevania\gameobject.h(75): warning C4244: '=': conversion from 'int' to 'float', possible loss of data
f:\for me\projects\vs projects\gameproject_castlevania\castlevania\gameobject.h(80): warning C4244: 'return': conversion from 'float' to 'int', possible loss of data
f:\for me\projects\vs projects\gameproject_castlevania\castlevania\gameobject.h(81): warning C4244: 'return': conversion from 'float' to 'int', possible loss of data
f:\for me\projects\vs projects\gameproject_castlevania\castlevania\whip.cpp(113): warning C4244: 'argument': conversion from 'FLOAT' to 'int', possible loss of data
f:\for me\projects\vs projects\gameproject_castlevania\castlevania\whip.cpp(272): warning C4244: 'argument': conversion from 'float' to 'int', possible loss of data
  Winmain.cpp
  c:\program files (x86)\microsoft directx sdk (june 2010)\include\dinput.h: DIRECTINPUT_VERSION undefined. Defaulting to version 0x0800
f:\for me\projects\vs projects\gameproject_castlevania\castlevania\inputdevice.h(5): warning C4005: 'DIRECTINPUT_VERSION': macro redefinition
  c:\program files (x86)\microsoft directx sdk (june 2010)\include\dinput.h(42): note: see previous definition of 'DIRECTINPUT_VERSION'
f:\for me\projects\vs projects\gameproject_castlevania\castlevania\gameobject.h(74): warning C4244: '=': conversion from 'int' to 'float', possible loss of data
f:\for me\projects\vs projects\gameproject_castlevania\castlevania\gameobject.h(75): warning C4244: '=': conversion from 'int' to 'float', possible loss of data
f:\for me\projects\vs projects\gameproject_castlevania\castlevania\gameobject.h(80): warning C4244: 'return': conversion from 'float' to 'int', possible loss of data
f:\for me\projects\vs projects\gameproject_castlevania\castlevania\gameobject.h(81): warning C4244: 'return': conversion from 'float' to 'int', possible loss of data
  Generating Code...
  Castlevania.vcxproj -> F:\For Me\Projects\VS Projects\GameProject_CastleVania\Debug\Castlevania.exe
